<?xml version="1.0" encoding="UTF-8"?>
<testng-results skipped="0" failed="0" ignored="0" total="1" passed="1">
  <reporter-output>
  </reporter-output>
  <suite name="Default suite" duration-ms="38094" started-at="2019-08-02T09:39:29Z" finished-at="2019-08-02T09:40:07Z">
    <groups>
    </groups>
    <test name="Default test" duration-ms="38094" started-at="2019-08-02T09:39:29Z" finished-at="2019-08-02T09:40:07Z">
      <class name="tests.AddProductTest">
        <test-method status="PASS" signature="setup()[pri:0, instance:tests.AddProductTest@1593948d]" name="setup" is-config="true" duration-ms="12214" started-at="2019-08-02T09:39:29Z" finished-at="2019-08-02T09:39:41Z">
          <reporter-output>
          </reporter-output>
        </test-method> <!-- setup -->
        <test-method status="PASS" signature="addProduct()[pri:0, instance:tests.AddProductTest@1593948d]" name="addProduct" duration-ms="25858" started-at="2019-08-02T09:39:41Z" finished-at="2019-08-02T09:40:07Z">
          <reporter-output>
          </reporter-output>
        </test-method> <!-- addProduct -->
        <test-method status="PASS" signature="tearDown()[pri:0, instance:tests.AddProductTest@1593948d]" name="tearDown" is-config="true" duration-ms="0" started-at="2019-08-02T09:40:07Z" finished-at="2019-08-02T09:40:07Z">
          <reporter-output>
          </reporter-output>
        </test-method> <!-- tearDown -->
      </class> <!-- tests.AddProductTest -->
    </test> <!-- Default test -->
  </suite> <!-- Default suite -->
</testng-results>
